TN:
SF:src/index.js
FN:8,processExcelFile
FNF:1
FNH:0
FNDA:0,processExcelFile
DA:2,0
DA:3,0
DA:5,0
DA:6,0
DA:9,0
DA:10,0
DA:11,0
DA:13,0
DA:14,0
DA:15,0
DA:18,0
DA:19,0
DA:21,0
DA:22,0
DA:23,0
DA:26,0
DA:27,0
DA:29,0
DA:30,0
DA:31,0
DA:32,0
DA:33,0
DA:34,0
DA:36,0
DA:39,0
DA:46,0
DA:49,0
DA:50,0
DA:51,0
DA:52,0
DA:53,0
DA:54,0
DA:55,0
DA:56,0
DA:59,0
DA:60,0
DA:62,0
DA:63,0
DA:66,0
DA:67,0
DA:82,0
DA:83,0
DA:96,0
DA:97,0
DA:101,0
DA:104,0
DA:106,0
DA:113,0
DA:115,0
DA:116,0
DA:120,0
LF:51
LH:0
BRDA:14,0,0,0
BRDA:14,0,1,0
BRDA:22,1,0,0
BRDA:22,1,1,0
BRDA:34,2,0,0
BRDA:34,2,1,0
BRDA:49,3,0,0
BRDA:49,3,1,0
BRDA:50,4,0,0
BRDA:50,4,1,0
BRDA:51,5,0,0
BRDA:51,5,1,0
BRDA:52,6,0,0
BRDA:52,6,1,0
BRDA:53,7,0,0
BRDA:53,7,1,0
BRDA:54,8,0,0
BRDA:54,8,1,0
BRDA:55,9,0,0
BRDA:55,9,1,0
BRDA:66,10,0,0
BRDA:66,10,1,0
BRDA:66,11,0,0
BRDA:66,11,1,0
BRDA:96,12,0,0
BRDA:96,12,1,0
BRDA:96,13,0,0
BRDA:96,13,1,0
BRF:28
BRH:0
end_of_record
TN:
SF:src/config/constants.js
FNF:0
FNH:0
DA:6,0
DA:22,0
DA:33,0
DA:50,0
DA:63,0
LF:5
LH:0
BRF:0
BRH:0
end_of_record
TN:
SF:src/models/license-model.js
FN:12,(anonymous_0)
FN:43,(anonymous_1)
FN:59,(anonymous_2)
FN:78,(anonymous_3)
FN:90,(anonymous_4)
FN:99,(anonymous_5)
FN:120,(anonymous_6)
FNF:7
FNH:7
FNDA:17,(anonymous_0)
FNDA:7,(anonymous_1)
FNDA:5,(anonymous_2)
FNDA:3,(anonymous_3)
FNDA:2,(anonymous_4)
FNDA:1,(anonymous_5)
FNDA:2,(anonymous_6)
DA:25,17
DA:26,17
DA:27,17
DA:28,17
DA:29,17
DA:30,17
DA:31,17
DA:32,17
DA:33,17
DA:34,17
DA:35,17
DA:44,7
DA:46,6
DA:47,6
DA:48,6
DA:50,0
DA:60,5
DA:62,5
DA:63,5
DA:64,5
DA:65,5
DA:66,5
DA:68,0
DA:79,3
DA:81,2
DA:82,2
DA:91,2
DA:92,2
DA:100,1
DA:121,2
DA:125,1
LF:31
LH:29
BRDA:13,0,0,12
BRDA:14,1,0,13
BRDA:15,2,0,15
BRDA:16,3,0,5
BRDA:17,4,0,16
BRDA:18,5,0,16
BRDA:19,6,0,12
BRDA:20,7,0,14
BRDA:21,8,0,16
BRDA:22,9,0,16
BRDA:23,10,0,16
BRDA:43,11,0,4
BRDA:44,12,0,1
BRDA:44,12,1,6
BRDA:59,13,0,3
BRDA:60,14,0,0
BRDA:60,14,1,5
BRDA:78,15,0,1
BRDA:78,16,0,3
BRDA:79,17,0,1
BRDA:79,17,1,2
BRDA:82,18,0,2
BRDA:82,18,1,2
BRDA:121,19,0,2
BRDA:121,19,1,1
BRF:25
BRH:24
end_of_record
TN:
SF:src/services/api-service.js
FN:10,(anonymous_0)
FN:33,(anonymous_1)
FN:67,(anonymous_2)
FN:88,(anonymous_3)
FN:104,(anonymous_4)
FN:120,(anonymous_5)
FN:135,(anonymous_6)
FNF:7
FNH:7
FNDA:1,(anonymous_0)
FNDA:4,(anonymous_1)
FNDA:1,(anonymous_2)
FNDA:1,(anonymous_3)
FNDA:1,(anonymous_4)
FNDA:1,(anonymous_5)
FNDA:1,(anonymous_6)
DA:2,1
DA:3,1
DA:4,1
DA:12,1
DA:21,1
DA:24,1
DA:34,4
DA:35,4
DA:38,4
DA:43,4
DA:44,2
DA:47,2
DA:52,2
DA:53,1
DA:54,1
DA:62,1
DA:63,1
DA:64,1
DA:67,1
DA:69,1
DA:73,0
DA:89,1
DA:105,1
DA:121,1
DA:136,1
DA:145,1
LF:26
LH:25
BRDA:33,0,0,3
BRDA:35,1,0,4
BRDA:35,1,1,0
BRDA:48,2,0,2
BRDA:48,2,1,0
BRDA:52,3,0,1
BRDA:52,3,1,1
BRDA:57,4,0,1
BRDA:57,4,1,0
BRDA:63,5,0,1
BRDA:63,5,1,0
BRDA:63,6,0,1
BRDA:63,6,1,1
BRDA:63,6,2,0
BRDA:88,7,0,0
BRDA:88,8,0,1
BRDA:104,9,0,0
BRDA:104,10,0,1
BRDA:120,11,0,0
BRDA:120,12,0,1
BRDA:135,13,0,1
BRF:21
BRH:13
end_of_record
TN:
SF:src/services/browser-service.js
FN:13,(anonymous_0)
FN:40,(anonymous_1)
FN:108,(anonymous_2)
FN:133,(anonymous_3)
FN:165,(anonymous_4)
FN:191,(anonymous_5)
FN:215,(anonymous_6)
FN:262,(anonymous_7)
FN:294,(anonymous_8)
FN:388,(anonymous_9)
FN:395,(anonymous_10)
FN:397,(anonymous_11)
FN:415,(anonymous_12)
FN:417,(anonymous_13)
FN:450,(anonymous_14)
FN:451,(anonymous_15)
FN:458,(anonymous_16)
FN:472,(anonymous_17)
FNF:18
FNH:11
FNDA:1,(anonymous_0)
FNDA:3,(anonymous_1)
FNDA:1,(anonymous_2)
FNDA:2,(anonymous_3)
FNDA:4,(anonymous_4)
FNDA:0,(anonymous_5)
FNDA:7,(anonymous_6)
FNDA:0,(anonymous_7)
FNDA:0,(anonymous_8)
FNDA:5,(anonymous_9)
FNDA:0,(anonymous_10)
FNDA:0,(anonymous_11)
FNDA:0,(anonymous_12)
FNDA:0,(anonymous_13)
FNDA:2,(anonymous_14)
FNDA:2,(anonymous_15)
FNDA:2,(anonymous_16)
FNDA:1,(anonymous_17)
DA:1,1
DA:2,1
DA:3,1
DA:4,1
DA:5,1
DA:6,1
DA:7,1
DA:15,1
DA:16,1
DA:19,1
DA:26,1
DA:27,1
DA:30,1
DA:31,1
DA:33,1
DA:41,3
DA:43,3
DA:45,2
DA:50,2
DA:51,3
DA:52,1
DA:53,1
DA:57,1
DA:62,1
DA:68,1
DA:69,3
DA:70,0
DA:71,0
DA:76,1
DA:77,1
DA:78,1
DA:79,0
DA:80,0
DA:83,0
DA:87,1
DA:94,1
DA:95,4
DA:96,0
DA:97,0
DA:101,1
DA:109,1
DA:110,1
DA:112,1
DA:116,0
DA:117,0
DA:121,0
DA:122,0
DA:124,1
DA:125,1
DA:134,2
DA:135,2
DA:136,2
DA:138,1
DA:146,1
DA:147,1
DA:148,1
DA:150,1
DA:153,1
DA:154,1
DA:156,1
DA:157,1
DA:166,4
DA:167,4
DA:168,4
DA:169,2
DA:172,2
DA:173,2
DA:178,2
DA:179,2
DA:181,2
DA:182,2
DA:184,2
DA:186,2
DA:191,2
DA:192,0
DA:195,2
DA:196,0
DA:199,2
DA:200,2
DA:201,2
DA:203,2
DA:204,2
DA:216,7
DA:217,7
DA:218,7
DA:221,7
DA:224,7
DA:225,1
DA:226,1
DA:230,1
DA:234,7
DA:241,7
DA:242,7
DA:243,20
DA:244,20
DA:245,3
DA:246,3
DA:247,3
DA:248,3
DA:251,17
DA:255,7
DA:256,4
DA:260,3
DA:261,3
DA:262,3
DA:264,3
DA:265,18
DA:267,3
DA:270,3
DA:271,3
DA:272,3
DA:273,3
DA:274,3
DA:276,0
DA:277,0
DA:280,0
DA:281,0
DA:285,3
DA:286,3
DA:288,0
DA:291,3
DA:294,3
DA:295,0
DA:296,0
DA:297,0
DA:303,0
DA:304,0
DA:310,0
DA:311,0
DA:318,0
DA:319,0
DA:321,0
DA:336,3
DA:337,3
DA:340,3
DA:341,3
DA:344,3
DA:348,3
DA:350,3
DA:355,3
DA:361,4
DA:364,4
DA:365,3
DA:366,3
DA:367,3
DA:370,1
DA:389,5
DA:390,5
DA:393,5
DA:394,5
DA:395,5
DA:396,0
DA:397,0
DA:398,0
DA:402,0
DA:403,0
DA:404,0
DA:406,0
DA:409,4
DA:410,0
DA:413,4
DA:415,4
DA:416,0
DA:417,0
DA:418,0
DA:420,0
DA:421,0
DA:422,0
DA:424,0
DA:427,4
DA:428,4
DA:429,4
DA:430,4
DA:432,0
DA:435,1
DA:436,1
DA:437,1
DA:440,0
DA:441,0
DA:451,2
DA:459,2
DA:460,1
DA:461,1
DA:462,1
DA:463,1
DA:464,1
DA:465,1
DA:473,1
DA:478,1
DA:483,1
LF:190
LH:144
BRDA:43,0,0,2
BRDA:43,0,1,1
BRDA:51,1,0,1
BRDA:51,1,1,2
BRDA:69,2,0,0
BRDA:69,2,1,3
BRDA:78,3,0,0
BRDA:78,3,1,1
BRDA:95,4,0,0
BRDA:95,4,1,4
BRDA:168,5,0,2
BRDA:168,5,1,2
BRDA:195,6,0,0
BRDA:195,6,1,2
BRDA:215,7,0,4
BRDA:224,8,0,1
BRDA:224,8,1,6
BRDA:245,9,0,3
BRDA:245,9,1,0
BRDA:255,10,0,4
BRDA:255,10,1,3
BRDA:272,11,0,3
BRDA:272,11,1,0
BRDA:296,12,0,0
BRDA:296,12,1,0
BRDA:304,13,0,0
BRDA:304,13,1,0
BRDA:304,13,2,0
BRDA:304,13,3,0
BRDA:304,13,4,0
BRDA:310,14,0,0
BRDA:310,14,1,0
BRDA:318,15,0,0
BRDA:318,15,1,0
BRDA:324,16,0,0
BRDA:324,16,1,0
BRDA:325,17,0,0
BRDA:325,17,1,0
BRDA:326,18,0,0
BRDA:326,18,1,0
BRDA:327,19,0,0
BRDA:327,19,1,0
BRDA:328,20,0,0
BRDA:328,20,1,0
BRDA:329,21,0,0
BRDA:329,21,1,0
BRDA:336,22,0,3
BRDA:336,22,1,0
BRDA:340,23,0,3
BRDA:340,23,1,0
BRDA:364,24,0,3
BRDA:364,24,1,1
BRDA:398,25,0,0
BRDA:398,25,1,0
BRDA:398,25,2,0
BRDA:402,26,0,0
BRDA:402,26,1,0
BRDA:409,27,0,0
BRDA:409,27,1,4
BRDA:420,28,0,0
BRDA:420,28,1,0
BRDA:427,29,0,4
BRDA:427,29,1,0
BRDA:459,30,0,1
BRDA:459,30,1,1
BRF:65
BRH:25
end_of_record
TN:
SF:src/services/config-service.js
FN:11,(anonymous_0)
FN:58,(anonymous_1)
FN:73,(anonymous_2)
FN:113,(anonymous_3)
FN:123,(anonymous_4)
FN:138,(anonymous_5)
FN:153,(anonymous_6)
FN:167,(anonymous_7)
FN:193,(anonymous_8)
FN:215,(anonymous_9)
FN:216,(anonymous_10)
FNF:11
FNH:1
FNDA:1,(anonymous_0)
FNDA:0,(anonymous_1)
FNDA:0,(anonymous_2)
FNDA:0,(anonymous_3)
FNDA:0,(anonymous_4)
FNDA:0,(anonymous_5)
FNDA:0,(anonymous_6)
FNDA:0,(anonymous_7)
FNDA:0,(anonymous_8)
FNDA:0,(anonymous_9)
FNDA:0,(anonymous_10)
DA:1,1
DA:2,1
DA:3,1
DA:4,1
DA:5,1
DA:12,1
DA:13,1
DA:29,1
DA:31,0
DA:34,0
DA:35,0
DA:44,0
DA:46,0
DA:47,0
DA:51,1
DA:59,0
DA:60,0
DA:62,0
DA:63,0
DA:74,0
DA:75,0
DA:76,0
DA:79,0
DA:80,0
DA:83,0
DA:84,0
DA:86,0
DA:87,0
DA:89,0
DA:92,0
DA:93,0
DA:94,0
DA:100,0
DA:102,0
DA:105,0
DA:114,0
DA:124,0
DA:125,0
DA:127,0
DA:128,0
DA:139,0
DA:140,0
DA:141,0
DA:143,0
DA:144,0
DA:154,0
DA:155,0
DA:156,0
DA:158,0
DA:159,0
DA:168,0
DA:170,0
DA:175,0
DA:176,0
DA:179,0
DA:181,0
DA:182,0
DA:184,0
DA:185,0
DA:194,0
DA:195,0
DA:196,0
DA:200,0
DA:212,0
DA:213,0
DA:215,0
DA:216,0
DA:217,0
DA:218,0
DA:222,0
DA:223,0
DA:229,1
LF:72
LH:10
BRDA:75,0,0,0
BRDA:75,0,1,0
BRDA:75,1,0,0
BRDA:75,1,1,0
BRDA:114,2,0,0
BRDA:114,2,1,0
BRDA:123,3,0,0
BRDA:194,4,0,0
BRDA:194,4,1,0
BRF:9
BRH:0
end_of_record
TN:
SF:src/services/excel-service.js
FN:16,(anonymous_0)
FN:43,(anonymous_1)
FN:79,(anonymous_2)
FN:99,(anonymous_3)
FN:118,(anonymous_4)
FN:140,(anonymous_5)
FN:162,(anonymous_6)
FNF:7
FNH:7
FNDA:4,(anonymous_0)
FNDA:2,(anonymous_1)
FNDA:2,(anonymous_2)
FNDA:1,(anonymous_3)
FNDA:1,(anonymous_4)
FNDA:2,(anonymous_5)
FNDA:2,(anonymous_6)
DA:2,1
DA:3,1
DA:4,1
DA:5,1
DA:17,4
DA:18,4
DA:20,4
DA:21,3
DA:24,1
DA:26,1
DA:27,1
DA:28,1
DA:30,0
DA:31,0
DA:34,1
DA:35,1
DA:36,0
DA:37,0
DA:40,1
DA:41,1
DA:43,1
DA:44,2
DA:46,1
DA:47,1
DA:48,0
DA:49,0
DA:52,1
DA:53,1
DA:54,1
DA:55,1
DA:57,0
DA:61,1
DA:63,1
DA:69,3
DA:80,2
DA:81,2
DA:82,2
DA:83,1
DA:84,1
DA:86,1
DA:87,1
DA:100,1
DA:101,1
DA:102,1
DA:103,1
DA:104,1
DA:106,0
DA:107,0
DA:119,1
DA:120,1
DA:122,1
DA:123,3
DA:126,1
DA:127,1
DA:129,0
DA:130,0
DA:141,2
DA:142,2
DA:144,2
DA:145,2
DA:148,2
DA:162,2
DA:163,2
DA:167,2
DA:170,2
DA:172,1
DA:173,1
DA:175,1
DA:176,1
DA:182,1
LF:70
LH:59
BRDA:20,0,0,3
BRDA:20,0,1,1
BRDA:35,1,0,0
BRDA:35,1,1,1
BRDA:44,2,0,1
BRDA:44,2,1,1
BRDA:47,3,0,0
BRDA:47,3,1,1
BRDA:53,4,0,1
BRDA:53,4,1,0
BRF:10
BRH:7
end_of_record
TN:
SF:src/services/license-service.js
FN:18,(anonymous_0)
FN:48,(anonymous_1)
FN:85,(anonymous_2)
FN:94,(anonymous_3)
FN:152,(anonymous_4)
FN:176,(anonymous_5)
FN:183,(anonymous_6)
FN:204,(anonymous_7)
FN:209,(anonymous_8)
FN:234,(anonymous_9)
FN:320,(anonymous_10)
FN:398,(anonymous_11)
FN:472,(anonymous_12)
FN:532,(anonymous_13)
FN:638,(anonymous_14)
FN:654,(anonymous_15)
FN:682,(anonymous_16)
FN:687,(anonymous_17)
FN:701,(anonymous_18)
FN:714,(anonymous_19)
FN:722,(anonymous_20)
FN:739,(anonymous_21)
FN:746,(anonymous_22)
FN:757,(anonymous_23)
FNF:24
FNH:0
FNDA:0,(anonymous_0)
FNDA:0,(anonymous_1)
FNDA:0,(anonymous_2)
FNDA:0,(anonymous_3)
FNDA:0,(anonymous_4)
FNDA:0,(anonymous_5)
FNDA:0,(anonymous_6)
FNDA:0,(anonymous_7)
FNDA:0,(anonymous_8)
FNDA:0,(anonymous_9)
FNDA:0,(anonymous_10)
FNDA:0,(anonymous_11)
FNDA:0,(anonymous_12)
FNDA:0,(anonymous_13)
FNDA:0,(anonymous_14)
FNDA:0,(anonymous_15)
FNDA:0,(anonymous_16)
FNDA:0,(anonymous_17)
FNDA:0,(anonymous_18)
FNDA:0,(anonymous_19)
FNDA:0,(anonymous_20)
FNDA:0,(anonymous_21)
FNDA:0,(anonymous_22)
FNDA:0,(anonymous_23)
DA:1,0
DA:2,0
DA:3,0
DA:4,0
DA:5,0
DA:6,0
DA:8,0
DA:9,0
DA:10,0
DA:11,0
DA:12,0
DA:19,0
DA:21,0
DA:27,0
DA:29,0
DA:36,0
DA:37,0
DA:38,0
DA:41,0
DA:49,0
DA:50,0
DA:65,0
DA:71,0
DA:72,0
DA:86,0
DA:95,0
DA:97,0
DA:104,0
DA:105,0
DA:106,0
DA:108,0
DA:112,0
DA:113,0
DA:114,0
DA:116,0
DA:119,0
DA:120,0
DA:121,0
DA:122,0
DA:124,0
DA:128,0
DA:129,0
DA:133,0
DA:134,0
DA:136,0
DA:137,0
DA:141,0
DA:143,0
DA:144,0
DA:153,0
DA:154,0
DA:155,0
DA:156,0
DA:157,0
DA:160,0
DA:163,0
DA:165,0
DA:168,0
DA:177,0
DA:178,0
DA:179,0
DA:182,0
DA:183,0
DA:187,0
DA:188,0
DA:189,0
DA:193,0
DA:194,0
DA:195,0
DA:196,0
DA:197,0
DA:199,0
DA:200,0
DA:203,0
DA:205,0
DA:206,0
DA:210,0
DA:213,0
DA:216,0
DA:221,0
DA:222,0
DA:224,0
DA:225,0
DA:235,0
DA:236,0
DA:243,0
DA:244,0
DA:247,0
DA:248,0
DA:251,0
DA:252,0
DA:256,0
DA:258,0
DA:259,0
DA:260,0
DA:263,0
DA:264,0
DA:270,0
DA:272,0
DA:273,0
DA:284,0
DA:287,0
DA:289,0
DA:298,0
DA:305,0
DA:307,0
DA:321,0
DA:322,0
DA:323,0
DA:330,0
DA:332,0
DA:333,0
DA:334,0
DA:337,0
DA:339,0
DA:345,0
DA:347,0
DA:349,0
DA:362,0
DA:365,0
DA:367,0
DA:377,0
DA:384,0
DA:386,0
DA:399,0
DA:400,0
DA:402,0
DA:403,0
DA:404,0
DA:407,0
DA:410,0
DA:411,0
DA:413,0
DA:416,0
DA:418,0
DA:419,0
DA:422,0
DA:423,0
DA:425,0
DA:426,0
DA:429,0
DA:430,0
DA:432,0
DA:438,0
DA:441,0
DA:449,0
DA:451,0
DA:452,0
DA:453,0
DA:460,0
DA:461,0
DA:464,0
DA:473,0
DA:475,0
DA:476,0
DA:477,0
DA:486,0
DA:487,0
DA:488,0
DA:490,0
DA:492,0
DA:493,0
DA:494,0
DA:506,0
DA:507,0
DA:508,0
DA:519,0
DA:533,0
DA:534,0
DA:537,0
DA:538,0
DA:546,0
DA:547,0
DA:548,0
DA:551,0
DA:552,0
DA:555,0
DA:556,0
DA:557,0
DA:559,0
DA:560,0
DA:563,0
DA:571,0
DA:573,0
DA:581,0
DA:584,0
DA:585,0
DA:589,0
DA:590,0
DA:591,0
DA:601,0
DA:610,0
DA:613,0
DA:614,0
DA:615,0
DA:616,0
DA:626,0
DA:639,0
DA:646,0
DA:647,0
DA:655,0
DA:656,0
DA:657,0
DA:659,0
DA:660,0
DA:661,0
DA:663,0
DA:673,0
DA:674,0
DA:683,0
DA:684,0
DA:687,0
DA:688,0
DA:689,0
DA:691,0
DA:695,0
DA:702,0
DA:703,0
DA:704,0
DA:705,0
DA:715,0
DA:723,0
DA:727,0
DA:731,0
DA:740,0
DA:747,0
DA:750,0
DA:758,0
DA:769,0
LF:229
LH:0
BRDA:155,0,0,0
BRDA:155,0,1,0
BRDA:183,1,0,0
BRDA:183,1,1,0
BRDA:187,2,0,0
BRDA:187,2,1,0
BRDA:199,3,0,0
BRDA:199,3,1,0
BRDA:199,4,0,0
BRDA:199,4,1,0
BRDA:205,5,0,0
BRDA:205,5,1,0
BRDA:235,6,0,0
BRDA:235,6,1,0
BRDA:235,7,0,0
BRDA:235,7,1,0
BRDA:251,8,0,0
BRDA:251,8,1,0
BRDA:272,9,0,0
BRDA:272,9,1,0
BRDA:277,10,0,0
BRDA:277,10,1,0
BRDA:300,11,0,0
BRDA:300,11,1,0
BRDA:301,12,0,0
BRDA:301,12,1,0
BRDA:322,13,0,0
BRDA:322,13,1,0
BRDA:322,14,0,0
BRDA:322,14,1,0
BRDA:347,15,0,0
BRDA:347,15,1,0
BRDA:353,16,0,0
BRDA:353,16,1,0
BRDA:379,17,0,0
BRDA:379,17,1,0
BRDA:380,18,0,0
BRDA:380,18,1,0
BRDA:402,19,0,0
BRDA:402,19,1,0
BRDA:402,20,0,0
BRDA:402,20,1,0
BRDA:416,21,0,0
BRDA:416,21,1,0
BRDA:418,22,0,0
BRDA:418,22,1,0
BRDA:425,23,0,0
BRDA:425,23,1,0
BRDA:443,24,0,0
BRDA:443,24,1,0
BRDA:451,25,0,0
BRDA:451,25,1,0
BRDA:460,26,0,0
BRDA:460,26,1,0
BRDA:460,27,0,0
BRDA:460,27,1,0
BRDA:460,27,2,0
BRDA:475,28,0,0
BRDA:475,28,1,0
BRDA:492,29,0,0
BRDA:492,29,1,0
BRDA:506,30,0,0
BRDA:506,30,1,0
BRDA:537,31,0,0
BRDA:537,31,1,0
BRDA:537,32,0,0
BRDA:537,32,1,0
BRDA:551,33,0,0
BRDA:551,33,1,0
BRDA:555,34,0,0
BRDA:555,34,1,0
BRDA:566,35,0,0
BRDA:566,35,1,0
BRDA:589,36,0,0
BRDA:589,36,1,0
BRDA:614,37,0,0
BRDA:614,37,1,0
BRDA:614,38,0,0
BRDA:614,38,1,0
BRDA:628,39,0,0
BRDA:628,39,1,0
BRDA:657,40,0,0
BRDA:657,40,1,0
BRDA:668,41,0,0
BRDA:668,41,1,0
BRDA:682,42,0,0
BRDA:683,43,0,0
BRDA:683,43,1,0
BRDA:702,44,0,0
BRDA:702,44,1,0
BRDA:723,45,0,0
BRDA:723,45,1,0
BRF:92
BRH:0
end_of_record
TN:
SF:src/utils/browserHandler.js
FN:9,(anonymous_0)
FN:9,(anonymous_1)
FN:12,(anonymous_2)
FN:27,(anonymous_3)
FN:75,(anonymous_4)
FN:96,(anonymous_5)
FN:119,(anonymous_6)
FN:145,(anonymous_7)
FN:162,(anonymous_8)
FN:206,(anonymous_9)
FN:213,(anonymous_10)
FN:214,(anonymous_11)
FN:235,(anonymous_12)
FN:287,(anonymous_13)
FN:289,(anonymous_14)
FN:307,(anonymous_15)
FN:309,(anonymous_16)
FN:360,(anonymous_17)
FNF:18
FNH:0
FNDA:0,(anonymous_0)
FNDA:0,(anonymous_1)
FNDA:0,(anonymous_2)
FNDA:0,(anonymous_3)
FNDA:0,(anonymous_4)
FNDA:0,(anonymous_5)
FNDA:0,(anonymous_6)
FNDA:0,(anonymous_7)
FNDA:0,(anonymous_8)
FNDA:0,(anonymous_9)
FNDA:0,(anonymous_10)
FNDA:0,(anonymous_11)
FNDA:0,(anonymous_12)
FNDA:0,(anonymous_13)
FNDA:0,(anonymous_14)
FNDA:0,(anonymous_15)
FNDA:0,(anonymous_16)
FNDA:0,(anonymous_17)
DA:2,0
DA:3,0
DA:4,0
DA:5,0
DA:6,0
DA:7,0
DA:9,0
DA:13,0
DA:14,0
DA:15,0
DA:20,0
DA:28,0
DA:30,0
DA:34,0
DA:35,0
DA:37,0
DA:42,0
DA:48,0
DA:49,0
DA:53,0
DA:54,0
DA:55,0
DA:57,0
DA:61,0
DA:68,0
DA:69,0
DA:72,0
DA:76,0
DA:77,0
DA:79,0
DA:83,0
DA:84,0
DA:88,0
DA:89,0
DA:91,0
DA:92,0
DA:97,0
DA:98,0
DA:99,0
DA:101,0
DA:109,0
DA:110,0
DA:111,0
DA:112,0
DA:114,0
DA:115,0
DA:120,0
DA:121,0
DA:122,0
DA:123,0
DA:126,0
DA:127,0
DA:132,0
DA:133,0
DA:135,0
DA:136,0
DA:138,0
DA:140,0
DA:145,0
DA:146,0
DA:149,0
DA:150,0
DA:153,0
DA:154,0
DA:155,0
DA:157,0
DA:158,0
DA:163,0
DA:164,0
DA:165,0
DA:167,0
DA:168,0
DA:170,0
DA:171,0
DA:172,0
DA:176,0
DA:179,0
DA:186,0
DA:187,0
DA:188,0
DA:189,0
DA:190,0
DA:191,0
DA:192,0
DA:193,0
DA:196,0
DA:200,0
DA:201,0
DA:204,0
DA:205,0
DA:206,0
DA:208,0
DA:209,0
DA:211,0
DA:213,0
DA:214,0
DA:217,0
DA:218,0
DA:219,0
DA:221,0
DA:222,0
DA:226,0
DA:227,0
DA:229,0
DA:232,0
DA:235,0
DA:236,0
DA:237,0
DA:238,0
DA:244,0
DA:245,0
DA:251,0
DA:252,0
DA:259,0
DA:260,0
DA:262,0
DA:277,0
DA:278,0
DA:281,0
DA:282,0
DA:285,0
DA:286,0
DA:287,0
DA:288,0
DA:289,0
DA:290,0
DA:294,0
DA:295,0
DA:296,0
DA:298,0
DA:301,0
DA:302,0
DA:305,0
DA:307,0
DA:308,0
DA:309,0
DA:310,0
DA:312,0
DA:313,0
DA:314,0
DA:316,0
DA:319,0
DA:320,0
DA:321,0
DA:323,0
DA:326,0
DA:327,0
DA:333,0
DA:335,0
DA:340,0
DA:346,0
DA:347,0
DA:361,0
DA:362,0
DA:363,0
DA:364,0
DA:365,0
DA:370,0
LF:158
LH:0
BRDA:28,0,0,0
BRDA:28,0,1,0
BRDA:35,1,0,0
BRDA:35,1,1,0
BRDA:49,2,0,0
BRDA:49,2,1,0
BRDA:55,3,0,0
BRDA:55,3,1,0
BRDA:69,4,0,0
BRDA:69,4,1,0
BRDA:122,5,0,0
BRDA:122,5,1,0
BRDA:149,6,0,0
BRDA:149,6,1,0
BRDA:170,7,0,0
BRDA:170,7,1,0
BRDA:190,8,0,0
BRDA:190,8,1,0
BRDA:200,9,0,0
BRDA:200,9,1,0
BRDA:217,10,0,0
BRDA:217,10,1,0
BRDA:237,11,0,0
BRDA:237,11,1,0
BRDA:245,12,0,0
BRDA:245,12,1,0
BRDA:245,12,2,0
BRDA:245,12,3,0
BRDA:245,12,4,0
BRDA:251,13,0,0
BRDA:251,13,1,0
BRDA:259,14,0,0
BRDA:259,14,1,0
BRDA:265,15,0,0
BRDA:265,15,1,0
BRDA:266,16,0,0
BRDA:266,16,1,0
BRDA:267,17,0,0
BRDA:267,17,1,0
BRDA:268,18,0,0
BRDA:268,18,1,0
BRDA:269,19,0,0
BRDA:269,19,1,0
BRDA:270,20,0,0
BRDA:270,20,1,0
BRDA:277,21,0,0
BRDA:277,21,1,0
BRDA:281,22,0,0
BRDA:281,22,1,0
BRDA:290,23,0,0
BRDA:290,23,1,0
BRDA:290,23,2,0
BRDA:294,24,0,0
BRDA:294,24,1,0
BRDA:301,25,0,0
BRDA:301,25,1,0
BRDA:312,26,0,0
BRDA:312,26,1,0
BRDA:319,27,0,0
BRDA:319,27,1,0
BRDA:361,28,0,0
BRDA:361,28,1,0
BRF:62
BRH:0
end_of_record
TN:
SF:src/utils/configHandler.js
FN:6,(anonymous_0)
FN:18,(anonymous_1)
FN:23,(anonymous_2)
FN:36,(anonymous_3)
FN:57,(anonymous_4)
FN:58,(anonymous_5)
FNF:6
FNH:0
FNDA:0,(anonymous_0)
FNDA:0,(anonymous_1)
FNDA:0,(anonymous_2)
FNDA:0,(anonymous_3)
FNDA:0,(anonymous_4)
FNDA:0,(anonymous_5)
DA:1,0
DA:2,0
DA:3,0
DA:7,0
DA:14,0
DA:19,0
DA:24,0
DA:25,0
DA:27,0
DA:28,0
DA:30,0
DA:31,0
DA:32,0
DA:37,0
DA:38,0
DA:39,0
DA:43,0
DA:55,0
DA:57,0
DA:58,0
DA:59,0
DA:60,0
DA:66,0
LF:23
LH:0
BRDA:24,0,0,0
BRDA:24,0,1,0
BRDA:24,1,0,0
BRDA:24,1,1,0
BRDA:37,2,0,0
BRDA:37,2,1,0
BRF:6
BRH:0
end_of_record
TN:
SF:src/utils/error-handler.js
FN:16,(anonymous_0)
FN:42,(anonymous_1)
FN:57,(anonymous_2)
FN:113,(anonymous_3)
FNF:4
FNH:4
FNDA:3,(anonymous_0)
FNDA:1,(anonymous_1)
FNDA:7,(anonymous_2)
FNDA:2,(anonymous_3)
DA:2,2
DA:3,2
DA:18,3
DA:19,3
DA:22,3
DA:30,3
DA:31,1
DA:34,3
DA:43,1
DA:58,7
DA:61,6
DA:72,6
DA:73,6
DA:74,1
DA:78,5
DA:79,2
DA:81,1
DA:82,1
DA:84,0
DA:86,0
DA:88,0
DA:90,1
DA:92,0
DA:94,0
DA:96,1
DA:98,1
DA:103,3
DA:114,2
DA:115,2
DA:117,1
DA:122,2
LF:31
LH:26
BRDA:16,0,0,0
BRDA:16,1,0,1
BRDA:19,2,0,3
BRDA:19,2,1,0
BRDA:30,3,0,1
BRDA:30,3,1,2
BRDA:42,4,0,0
BRDA:58,5,0,1
BRDA:58,5,1,6
BRDA:72,6,0,6
BRDA:72,6,1,5
BRDA:73,7,0,1
BRDA:73,7,1,5
BRDA:73,8,0,6
BRDA:73,8,1,4
BRDA:78,9,0,2
BRDA:78,9,1,3
BRDA:79,10,0,1
BRDA:79,10,1,1
BRDA:82,11,0,0
BRDA:82,11,1,0
BRDA:82,11,2,0
BRDA:82,11,3,1
BRDA:82,11,4,0
BRDA:82,11,5,0
BRDA:94,12,0,0
BRDA:94,12,1,0
BRDA:96,13,0,1
BRDA:96,13,1,0
BRDA:103,14,0,3
BRDA:103,14,1,0
BRDA:113,15,0,1
BRDA:113,16,0,2
BRF:33
BRH:21
end_of_record
TN:
SF:src/utils/file-utils.js
FN:16,(anonymous_0)
FN:31,(anonymous_1)
FN:63,(anonymous_2)
FN:83,(anonymous_3)
FN:92,(anonymous_4)
FN:109,(anonymous_5)
FNF:6
FNH:4
FNDA:10,(anonymous_0)
FNDA:3,(anonymous_1)
FNDA:3,(anonymous_2)
FNDA:1,(anonymous_3)
FNDA:0,(anonymous_4)
FNDA:0,(anonymous_5)
DA:2,1
DA:3,1
DA:4,1
DA:5,1
DA:17,10
DA:18,10
DA:20,1
DA:21,1
DA:32,3
DA:33,3
DA:34,1
DA:37,2
DA:38,2
DA:40,1
DA:43,1
DA:44,1
DA:45,1
DA:46,1
DA:47,1
DA:49,0
DA:53,1
DA:64,3
DA:65,3
DA:66,3
DA:67,2
DA:70,3
DA:71,2
DA:73,1
DA:74,1
DA:84,1
DA:93,0
DA:94,0
DA:95,0
DA:97,0
DA:99,0
DA:100,0
DA:110,0
DA:111,0
DA:112,0
DA:114,0
DA:116,0
DA:117,0
DA:122,1
LF:43
LH:30
BRDA:31,0,0,2
BRDA:33,1,0,1
BRDA:33,1,1,2
BRDA:43,2,0,1
BRDA:43,2,1,0
BRDA:66,3,0,2
BRDA:66,3,1,1
BRDA:94,4,0,0
BRDA:94,4,1,0
BRDA:111,5,0,0
BRDA:111,5,1,0
BRF:11
BRH:6
end_of_record
TN:
SF:src/utils/licenseHandler.js
FN:16,(anonymous_0)
FN:78,(anonymous_1)
FN:117,(anonymous_2)
FN:173,(anonymous_3)
FN:193,(anonymous_4)
FN:200,(anonymous_5)
FN:221,(anonymous_6)
FN:226,(anonymous_7)
FN:248,(anonymous_8)
FN:253,(anonymous_9)
FN:286,(anonymous_10)
FN:300,(anonymous_11)
FN:369,(anonymous_12)
FN:426,(anonymous_13)
FN:536,(anonymous_14)
FN:611,(anonymous_15)
FN:631,(anonymous_16)
FN:638,(anonymous_17)
FN:641,(anonymous_18)
FN:712,(anonymous_19)
FN:788,(anonymous_20)
FN:868,(anonymous_21)
FN:879,(anonymous_22)
FN:894,(anonymous_23)
FN:902,(anonymous_24)
FN:913,(anonymous_25)
FN:921,(anonymous_26)
FN:934,(anonymous_27)
FN:941,(anonymous_28)
FN:947,(anonymous_29)
FN:955,(anonymous_30)
FN:966,(anonymous_31)
FN:976,(anonymous_32)
FN:986,(anonymous_33)
FN:990,(anonymous_34)
FN:993,(anonymous_35)
FNF:36
FNH:0
FNDA:0,(anonymous_0)
FNDA:0,(anonymous_1)
FNDA:0,(anonymous_2)
FNDA:0,(anonymous_3)
FNDA:0,(anonymous_4)
FNDA:0,(anonymous_5)
FNDA:0,(anonymous_6)
FNDA:0,(anonymous_7)
FNDA:0,(anonymous_8)
FNDA:0,(anonymous_9)
FNDA:0,(anonymous_10)
FNDA:0,(anonymous_11)
FNDA:0,(anonymous_12)
FNDA:0,(anonymous_13)
FNDA:0,(anonymous_14)
FNDA:0,(anonymous_15)
FNDA:0,(anonymous_16)
FNDA:0,(anonymous_17)
FNDA:0,(anonymous_18)
FNDA:0,(anonymous_19)
FNDA:0,(anonymous_20)
FNDA:0,(anonymous_21)
FNDA:0,(anonymous_22)
FNDA:0,(anonymous_23)
FNDA:0,(anonymous_24)
FNDA:0,(anonymous_25)
FNDA:0,(anonymous_26)
FNDA:0,(anonymous_27)
FNDA:0,(anonymous_28)
FNDA:0,(anonymous_29)
FNDA:0,(anonymous_30)
FNDA:0,(anonymous_31)
FNDA:0,(anonymous_32)
FNDA:0,(anonymous_33)
FNDA:0,(anonymous_34)
FNDA:0,(anonymous_35)
DA:2,0
DA:3,0
DA:4,0
DA:5,0
DA:6,0
DA:7,0
DA:8,0
DA:9,0
DA:10,0
DA:13,0
DA:18,0
DA:19,0
DA:22,0
DA:23,0
DA:26,0
DA:29,0
DA:30,0
DA:31,0
DA:32,0
DA:35,0
DA:38,0
DA:39,0
DA:40,0
DA:41,0
DA:43,0
DA:49,0
DA:50,0
DA:58,0
DA:60,0
DA:66,0
DA:67,0
DA:68,0
DA:69,0
DA:72,0
DA:73,0
DA:74,0
DA:79,0
DA:80,0
DA:95,0
DA:101,0
DA:102,0
DA:118,0
DA:120,0
DA:127,0
DA:128,0
DA:129,0
DA:131,0
DA:136,0
DA:137,0
DA:138,0
DA:140,0
DA:143,0
DA:144,0
DA:145,0
DA:146,0
DA:148,0
DA:152,0
DA:153,0
DA:157,0
DA:158,0
DA:160,0
DA:161,0
DA:165,0
DA:167,0
DA:168,0
DA:174,0
DA:175,0
DA:176,0
DA:177,0
DA:178,0
DA:180,0
DA:183,0
DA:185,0
DA:188,0
DA:194,0
DA:195,0
DA:196,0
DA:199,0
DA:200,0
DA:204,0
DA:205,0
DA:206,0
DA:210,0
DA:211,0
DA:212,0
DA:213,0
DA:214,0
DA:216,0
DA:217,0
DA:220,0
DA:222,0
DA:223,0
DA:227,0
DA:230,0
DA:233,0
DA:235,0
DA:239,0
DA:240,0
DA:242,0
DA:243,0
DA:249,0
DA:254,0
DA:255,0
DA:262,0
DA:263,0
DA:266,0
DA:267,0
DA:268,0
DA:271,0
DA:273,0
DA:274,0
DA:275,0
DA:283,0
DA:285,0
DA:286,0
DA:287,0
DA:291,0
DA:301,0
DA:302,0
DA:309,0
DA:310,0
DA:311,0
DA:312,0
DA:314,0
DA:317,0
DA:327,0
DA:329,0
DA:330,0
DA:340,0
DA:342,0
DA:351,0
DA:358,0
DA:360,0
DA:370,0
DA:372,0
DA:373,0
DA:374,0
DA:383,0
DA:384,0
DA:386,0
DA:388,0
DA:389,0
DA:390,0
DA:402,0
DA:403,0
DA:404,0
DA:415,0
DA:427,0
DA:428,0
DA:431,0
DA:432,0
DA:441,0
DA:442,0
DA:443,0
DA:446,0
DA:447,0
DA:450,0
DA:451,0
DA:457,0
DA:458,0
DA:461,0
DA:469,0
DA:473,0
DA:481,0
DA:484,0
DA:489,0
DA:490,0
DA:491,0
DA:501,0
DA:510,0
DA:513,0
DA:514,0
DA:515,0
DA:516,0
DA:526,0
DA:537,0
DA:538,0
DA:540,0
DA:541,0
DA:542,0
DA:545,0
DA:548,0
DA:553,0
DA:556,0
DA:558,0
DA:559,0
DA:562,0
DA:570,0
DA:571,0
DA:573,0
DA:579,0
DA:583,0
DA:591,0
DA:593,0
DA:594,0
DA:595,0
DA:602,0
DA:603,0
DA:606,0
DA:612,0
DA:613,0
DA:614,0
DA:617,0
DA:618,0
DA:619,0
DA:620,0
DA:623,0
DA:624,0
DA:626,0
DA:627,0
DA:632,0
DA:633,0
DA:634,0
DA:639,0
DA:641,0
DA:642,0
DA:643,0
DA:645,0
DA:646,0
DA:648,0
DA:649,0
DA:652,0
DA:653,0
DA:656,0
DA:657,0
DA:659,0
DA:660,0
DA:663,0
DA:664,0
DA:665,0
DA:668,0
DA:669,0
DA:676,0
DA:683,0
DA:686,0
DA:687,0
DA:690,0
DA:698,0
DA:699,0
DA:701,0
DA:713,0
DA:714,0
DA:715,0
DA:722,0
DA:724,0
DA:725,0
DA:726,0
DA:729,0
DA:732,0
DA:742,0
DA:744,0
DA:746,0
DA:758,0
DA:760,0
DA:769,0
DA:776,0
DA:778,0
DA:789,0
DA:790,0
DA:797,0
DA:798,0
DA:801,0
DA:802,0
DA:805,0
DA:806,0
DA:810,0
DA:812,0
DA:813,0
DA:814,0
DA:817,0
DA:827,0
DA:829,0
DA:830,0
DA:840,0
DA:842,0
DA:851,0
DA:858,0
DA:860,0
DA:869,0
DA:875,0
DA:876,0
DA:880,0
DA:881,0
DA:883,0
DA:884,0
DA:886,0
DA:895,0
DA:903,0
DA:907,0
DA:910,0
DA:914,0
DA:922,0
DA:923,0
DA:924,0
DA:928,0
DA:931,0
DA:935,0
DA:942,0
DA:944,0
DA:948,0
DA:956,0
DA:960,0
DA:963,0
DA:967,0
DA:977,0
DA:987,0
DA:988,0
DA:990,0
DA:994,0
DA:995,0
DA:996,0
DA:1001,0
LF:312
LH:0
BRDA:29,0,0,0
BRDA:29,0,1,0
BRDA:176,1,0,0
BRDA:176,1,1,0
BRDA:200,2,0,0
BRDA:200,2,1,0
BRDA:204,3,0,0
BRDA:204,3,1,0
BRDA:216,4,0,0
BRDA:216,4,1,0
BRDA:216,5,0,0
BRDA:216,5,1,0
BRDA:222,6,0,0
BRDA:222,6,1,0
BRDA:253,7,0,0
BRDA:253,8,0,0
BRDA:262,9,0,0
BRDA:262,9,1,0
BRDA:262,10,0,0
BRDA:262,10,1,0
BRDA:262,10,2,0
BRDA:273,11,0,0
BRDA:273,11,1,0
BRDA:278,12,0,0
BRDA:278,12,1,0
BRDA:283,13,0,0
BRDA:283,13,1,0
BRDA:283,14,0,0
BRDA:283,14,1,0
BRDA:283,14,2,0
BRDA:283,14,3,0
BRDA:301,15,0,0
BRDA:301,15,1,0
BRDA:301,16,0,0
BRDA:301,16,1,0
BRDA:329,17,0,0
BRDA:329,17,1,0
BRDA:334,18,0,0
BRDA:334,18,1,0
BRDA:353,19,0,0
BRDA:353,19,1,0
BRDA:354,20,0,0
BRDA:354,20,1,0
BRDA:372,21,0,0
BRDA:372,21,1,0
BRDA:388,22,0,0
BRDA:388,22,1,0
BRDA:402,23,0,0
BRDA:402,23,1,0
BRDA:431,24,0,0
BRDA:431,24,1,0
BRDA:431,25,0,0
BRDA:431,25,1,0
BRDA:446,26,0,0
BRDA:446,26,1,0
BRDA:450,27,0,0
BRDA:450,27,1,0
BRDA:464,28,0,0
BRDA:464,28,1,0
BRDA:489,29,0,0
BRDA:489,29,1,0
BRDA:514,30,0,0
BRDA:514,30,1,0
BRDA:514,31,0,0
BRDA:514,31,1,0
BRDA:528,32,0,0
BRDA:528,32,1,0
BRDA:540,33,0,0
BRDA:540,33,1,0
BRDA:540,34,0,0
BRDA:540,34,1,0
BRDA:556,35,0,0
BRDA:556,35,1,0
BRDA:558,36,0,0
BRDA:558,36,1,0
BRDA:567,37,0,0
BRDA:567,37,1,0
BRDA:585,38,0,0
BRDA:585,38,1,0
BRDA:593,39,0,0
BRDA:593,39,1,0
BRDA:602,40,0,0
BRDA:602,40,1,0
BRDA:602,41,0,0
BRDA:602,41,1,0
BRDA:602,41,2,0
BRDA:613,42,0,0
BRDA:613,42,1,0
BRDA:617,43,0,0
BRDA:617,43,1,0
BRDA:632,44,0,0
BRDA:632,44,1,0
BRDA:648,45,0,0
BRDA:648,45,1,0
BRDA:652,46,0,0
BRDA:652,46,1,0
BRDA:659,47,0,0
BRDA:659,47,1,0
BRDA:664,48,0,0
BRDA:664,48,1,0
BRDA:664,49,0,0
BRDA:664,49,1,0
BRDA:668,50,0,0
BRDA:668,50,1,0
BRDA:680,51,0,0
BRDA:680,51,1,0
BRDA:686,52,0,0
BRDA:686,52,1,0
BRDA:714,53,0,0
BRDA:714,53,1,0
BRDA:714,54,0,0
BRDA:714,54,1,0
BRDA:744,55,0,0
BRDA:744,55,1,0
BRDA:750,56,0,0
BRDA:750,56,1,0
BRDA:771,57,0,0
BRDA:771,57,1,0
BRDA:772,58,0,0
BRDA:772,58,1,0
BRDA:789,59,0,0
BRDA:789,59,1,0
BRDA:789,60,0,0
BRDA:789,60,1,0
BRDA:805,61,0,0
BRDA:805,61,1,0
BRDA:829,62,0,0
BRDA:829,62,1,0
BRDA:834,63,0,0
BRDA:834,63,1,0
BRDA:853,64,0,0
BRDA:853,64,1,0
BRDA:854,65,0,0
BRDA:854,65,1,0
BRDA:881,66,0,0
BRDA:881,66,1,0
BRDA:903,67,0,0
BRDA:903,67,1,0
BRDA:922,68,0,0
BRDA:922,68,1,0
BRDA:924,69,0,0
BRDA:924,69,1,0
BRDA:956,70,0,0
BRDA:956,70,1,0
BRDA:986,71,0,0
BRDA:987,72,0,0
BRDA:987,72,1,0
BRDA:994,73,0,0
BRDA:994,73,1,0
BRF:149
BRH:0
end_of_record
TN:
SF:src/utils/logger.js
FN:10,(anonymous_0)
FN:21,(anonymous_1)
FN:27,(anonymous_2)
FN:43,(anonymous_3)
FN:48,(anonymous_4)
FN:57,(anonymous_5)
FN:61,(anonymous_6)
FN:65,(anonymous_7)
FN:69,(anonymous_8)
FN:78,(anonymous_9)
FNF:10
FNH:7
FNDA:1,(anonymous_0)
FNDA:0,(anonymous_1)
FNDA:0,(anonymous_2)
FNDA:1,(anonymous_3)
FNDA:1,(anonymous_4)
FNDA:1,(anonymous_5)
FNDA:1,(anonymous_6)
FNDA:1,(anonymous_7)
FNDA:0,(anonymous_8)
FNDA:1,(anonymous_9)
DA:1,1
DA:2,1
DA:3,1
DA:4,1
DA:11,1
DA:13,1
DA:16,1
DA:17,0
DA:21,1
DA:22,1
DA:23,1
DA:26,1
DA:27,1
DA:28,0
DA:29,0
DA:32,0
DA:35,1
DA:44,1
DA:45,1
DA:47,1
DA:48,5
DA:49,1
DA:53,1
DA:58,1
DA:62,1
DA:66,1
DA:70,0
DA:79,1
DA:88,1
LF:29
LH:24
BRDA:16,0,0,0
BRDA:16,0,1,1
BRDA:78,1,0,0
BRDA:82,2,0,1
BRDA:82,2,1,0
BRF:5
BRH:2
end_of_record
TN:
SF:src/utils/readExcel.js
FN:4,readExpedientesAndRows
FN:25,(anonymous_1)
FNF:2
FNH:0
FNDA:0,readExpedientesAndRows
FNDA:0,(anonymous_1)
DA:2,0
DA:5,0
DA:7,0
DA:8,0
DA:9,0
DA:10,0
DA:12,0
DA:13,0
DA:16,0
DA:17,0
DA:18,0
DA:19,0
DA:22,0
DA:23,0
DA:25,0
DA:26,0
DA:28,0
DA:29,0
DA:30,0
DA:31,0
DA:34,0
DA:35,0
DA:36,0
DA:37,0
DA:39,0
DA:43,0
DA:44,0
DA:47,0
LF:28
LH:0
BRDA:17,0,0,0
BRDA:17,0,1,0
BRDA:26,1,0,0
BRDA:26,1,1,0
BRDA:29,2,0,0
BRDA:29,2,1,0
BRDA:35,3,0,0
BRDA:35,3,1,0
BRF:8
BRH:0
end_of_record
